<?xml version="1.0" encoding="UTF-8"?>
<!-- Generated by org.testng.reporters.JUnitXMLReporter -->
<testsuite hostname="DESKTOP-ROCT2T7" ignored="0" name="VerifyContenttest" tests="3" failures="1" timestamp="08 Sep 2020 03:40:11 GMT" time="26.618" errors="0">
  <testcase name="openUrl" time="21.584" classname="com.VerifyLaunchSite.testcases.VerifyContent"/>
  <testcase name="checkContent" time="0.086" classname="com.VerifyLaunchSite.testcases.VerifyContent">
    <failure type="java.lang.AssertionError" message="null">
      <![CDATA[java.lang.AssertionError: null
at com.VerifyLaunchSite.testcases.VerifyContent.checkContent(VerifyContent.java:50)
... Removed 27 stack frames]]>
    </failure>
  </testcase> <!-- checkContent -->
  <testcase name="checkInvalidContent" time="0.048" classname="com.VerifyLaunchSite.testcases.VerifyContent"/>
</testsuite> <!-- VerifyContenttest -->
