<?xml version="1.0" encoding="UTF-8"?>
<!-- Generated by org.testng.reporters.JUnitXMLReporter -->
<testsuite hostname="DESKTOP-ROCT2T7" ignored="0" name="VerifySitetest" tests="1" failures="1" timestamp="08 Sep 2020 03:41:52 GMT" time="26.33" errors="0">
  <testcase name="openUrl" time="21.353" classname="com.VerifyLaunchSite.testcases.LaunchUrl">
    <failure type="java.lang.AssertionError" message="expected [true] but found [false]">
      <![CDATA[java.lang.AssertionError: expected [true] but found [false]
at com.VerifyLaunchSite.testcases.LaunchUrl.openUrl(LaunchUrl.java:58)
... Removed 29 stack frames]]>
    </failure>
  </testcase> <!-- openUrl -->
</testsuite> <!-- VerifySitetest -->
